------Start of DE processing------ = [29.09.20, 22:02:15:593 MESZ]
Exception = com.ibm.wsspi.injectionengine.InjectionException
Source = com.ibm.ws.cdi.impl.weld.injection.WebSphereInjectionServicesImpl
probeid = 199
Stack Dump = com.ibm.wsspi.injectionengine.InjectionException: The java:comp/env/product_db reference of type javax.persistence.EntityManager for the null component in the product.war module of the product application cannot be resolved.
	at com.ibm.wsspi.injectionengine.InjectionBinding.getInjectionObject(InjectionBinding.java:1489)
	at com.ibm.wsspi.injectionengine.InjectionBinding.getInjectableObject(InjectionBinding.java:1368)
	at com.ibm.wsspi.injectionengine.InjectionTarget.inject(InjectionTarget.java:104)
	at com.ibm.ws.cdi.impl.weld.injection.WebSphereInjectionServicesImpl.inject(WebSphereInjectionServicesImpl.java:198)
	at com.ibm.ws.cdi.impl.weld.injection.WebSphereInjectionServicesImpl.inject(WebSphereInjectionServicesImpl.java:150)
	at com.ibm.ws.cdi.impl.weld.injection.WebSphereInjectionServicesImpl.access$000(WebSphereInjectionServicesImpl.java:74)
	at com.ibm.ws.cdi.impl.weld.injection.WebSphereInjectionServicesImpl$1.run(WebSphereInjectionServicesImpl.java:134)
	at com.ibm.ws.cdi.impl.weld.injection.WebSphereInjectionServicesImpl$1.run(WebSphereInjectionServicesImpl.java:130)
	at java.base/java.security.AccessController.doPrivileged(AccessController.java:554)
	at com.ibm.ws.cdi.impl.weld.injection.WebSphereInjectionServicesImpl.callInject(WebSphereInjectionServicesImpl.java:130)
	at com.ibm.ws.cdi.impl.weld.injection.WebSphereInjectionServicesImpl.injectJavaEEResources(WebSphereInjectionServicesImpl.java:112)
	at com.ibm.ws.cdi.impl.weld.injection.WebSphereInjectionServicesImpl.aroundInject(WebSphereInjectionServicesImpl.java:317)
	at org.jboss.weld.injection.InjectionContextImpl.run(InjectionContextImpl.java:46)
	at org.jboss.weld.injection.producer.ResourceInjector.inject(ResourceInjector.java:71)
	at org.jboss.weld.injection.producer.BasicInjectionTarget.inject(BasicInjectionTarget.java:117)
	at org.jboss.weld.bean.ManagedBean.create(ManagedBean.java:161)
	at org.jboss.weld.contexts.AbstractContext.get(AbstractContext.java:96)
	at org.jboss.weld.bean.ContextualInstanceStrategy$DefaultContextualInstanceStrategy.get(ContextualInstanceStrategy.java:100)
	at org.jboss.weld.bean.ContextualInstanceStrategy$CachingContextualInstanceStrategy.get(ContextualInstanceStrategy.java:177)
	at org.jboss.weld.bean.ContextualInstance.get(ContextualInstance.java:50)
	at org.jboss.weld.bean.proxy.ContextBeanInstance.getInstance(ContextBeanInstance.java:102)
	at org.jboss.weld.bean.proxy.ProxyMethodHandler.getInstance(ProxyMethodHandler.java:131)
	at io.microservice.thi.product.DAO.ProductDAO$Proxy$_$$_WeldClientProxy.readProduct(Unknown Source)
	at io.microservice.thi.product.ProductService.getProduct(ProductService.java:90)
	at io.microservice.thi.product.ProductService$Proxy$_$$_WeldSubclass.getProduct$$super(Unknown Source)
	at jdk.internal.reflect.GeneratedMethodAccessor714.invoke(Unknown Source)
	at java.base/java.lang.reflect.Method.invoke(Method.java:564)
	at org.jboss.weld.interceptor.proxy.TerminalAroundInvokeInvocationContext.proceedInternal(TerminalAroundInvokeInvocationContext.java:51)
	at org.jboss.weld.interceptor.proxy.AroundInvokeInvocationContext.proceed(AroundInvokeInvocationContext.java:78)
	at com.ibm.tx.jta.cdi.interceptors.TransactionalInterceptor$1.run(TransactionalInterceptor.java:137)
	at com.ibm.ws.uow.embeddable.EmbeddableUOWManagerImpl.runUnderCurrentUOW(EmbeddableUOWManagerImpl.java:1077)
	at com.ibm.ws.uow.embeddable.EmbeddableUOWManagerImpl.runUnderNewUOW(EmbeddableUOWManagerImpl.java:1040)
	at com.ibm.ws.uow.embeddable.EmbeddableUOWManagerImpl.runUnderUOW(EmbeddableUOWManagerImpl.java:1013)
	at com.ibm.tx.jta.cdi.interceptors.TransactionalInterceptor.runUnderUOWManagingEnablement(TransactionalInterceptor.java:151)
	at com.ibm.tx.jta.cdi.interceptors.Required.required(Required.java:40)
	at jdk.internal.reflect.GeneratedMethodAccessor703.invoke(Unknown Source)
	at java.base/java.lang.reflect.Method.invoke(Method.java:564)
	at org.jboss.weld.interceptor.reader.SimpleInterceptorInvocation$SimpleMethodInvocation.invoke(SimpleInterceptorInvocation.java:73)
	at org.jboss.weld.interceptor.proxy.InterceptorMethodHandler.executeAroundInvoke(InterceptorMethodHandler.java:84)
	at org.jboss.weld.interceptor.proxy.InterceptorMethodHandler.executeInterception(InterceptorMethodHandler.java:72)
	at org.jboss.weld.interceptor.proxy.InterceptorMethodHandler.invoke(InterceptorMethodHandler.java:56)
	at org.jboss.weld.bean.proxy.CombinedInterceptorAndDecoratorStackMethodHandler.invoke(CombinedInterceptorAndDecoratorStackMethodHandler.java:79)
	at org.jboss.weld.bean.proxy.CombinedInterceptorAndDecoratorStackMethodHandler.invoke(CombinedInterceptorAndDecoratorStackMethodHandler.java:68)
	at io.microservice.thi.product.ProductService$Proxy$_$$_WeldSubclass.getProduct(Unknown Source)
	at io.microservice.thi.product.ProductService$Proxy$_$$_WeldClientProxy.getProduct(Unknown Source)
	at jdk.internal.reflect.GeneratedMethodAccessor713.invoke(Unknown Source)
	at java.base/java.lang.reflect.Method.invoke(Method.java:564)
	at com.ibm.ws.jaxrs20.cdi.component.JaxRsFactoryImplicitBeanCDICustomizer.serviceInvoke(JaxRsFactoryImplicitBeanCDICustomizer.java:342)
	at com.ibm.ws.jaxrs20.server.LibertyJaxRsServerFactoryBean.performInvocation(LibertyJaxRsServerFactoryBean.java:641)
	at com.ibm.ws.jaxrs20.server.LibertyJaxRsInvoker.performInvocation(LibertyJaxRsInvoker.java:160)
	at org.apache.cxf.service.invoker.AbstractInvoker.invoke(AbstractInvoker.java:96)
	at com.ibm.ws.jaxrs20.server.LibertyJaxRsInvoker.invoke(LibertyJaxRsInvoker.java:273)
	at org.apache.cxf.jaxrs.JAXRSInvoker.invoke(JAXRSInvoker.java:210)
	at com.ibm.ws.jaxrs20.server.LibertyJaxRsInvoker.invoke(LibertyJaxRsInvoker.java:444)
	at org.apache.cxf.jaxrs.JAXRSInvoker.invoke(JAXRSInvoker.java:112)
	at org.apache.cxf.interceptor.ServiceInvokerInterceptor$1.run(ServiceInvokerInterceptor.java:61)
	at org.apache.cxf.interceptor.ServiceInvokerInterceptor.handleMessage(ServiceInvokerInterceptor.java:99)
	at org.apache.cxf.phase.PhaseInterceptorChain.doIntercept(PhaseInterceptorChain.java:318)
	at org.apache.cxf.transport.ChainInitiationObserver.onMessage(ChainInitiationObserver.java:123)
	at org.apache.cxf.transport.http.AbstractHTTPDestination.invoke(AbstractHTTPDestination.java:273)
	at com.ibm.ws.jaxrs20.endpoint.AbstractJaxRsWebEndpoint.invoke(AbstractJaxRsWebEndpoint.java:136)
	at com.ibm.websphere.jaxrs.server.IBMRestServlet.handleRequest(IBMRestServlet.java:146)
	at com.ibm.websphere.jaxrs.server.IBMRestServlet.doGet(IBMRestServlet.java:112)
	at javax.servlet.http.HttpServlet.service(HttpServlet.java:686)
	at com.ibm.websphere.jaxrs.server.IBMRestServlet.service(IBMRestServlet.java:96)
	at com.ibm.ws.webcontainer.servlet.ServletWrapper.service(ServletWrapper.java:1230)
	at com.ibm.ws.webcontainer.servlet.ServletWrapper.handleRequest(ServletWrapper.java:729)
	at com.ibm.ws.webcontainer.servlet.ServletWrapper.handleRequest(ServletWrapper.java:426)
	at com.ibm.ws.webcontainer.filter.WebAppFilterManager.invokeFilters(WebAppFilterManager.java:1226)
	at com.ibm.ws.webcontainer.webapp.WebApp.handleRequest(WebApp.java:5057)
	at com.ibm.ws.webcontainer.osgi.DynamicVirtualHost$2.handleRequest(DynamicVirtualHost.java:314)
	at com.ibm.ws.webcontainer.WebContainer.handleRequest(WebContainer.java:1005)
	at com.ibm.ws.webcontainer.osgi.DynamicVirtualHost$2.run(DynamicVirtualHost.java:279)
	at com.ibm.ws.http.dispatcher.internal.channel.HttpDispatcherLink$TaskWrapper.run(HttpDispatcherLink.java:1134)
	at com.ibm.ws.http.dispatcher.internal.channel.HttpDispatcherLink.wrapHandlerAndExecute(HttpDispatcherLink.java:415)
	at com.ibm.ws.http.dispatcher.internal.channel.HttpDispatcherLink.ready(HttpDispatcherLink.java:374)
	at com.ibm.ws.http.channel.internal.inbound.HttpInboundLink.handleDiscrimination(HttpInboundLink.java:577)
	at com.ibm.ws.http.channel.internal.inbound.HttpInboundLink.handleNewRequest(HttpInboundLink.java:511)
	at com.ibm.ws.http.channel.internal.inbound.HttpInboundLink.processRequest(HttpInboundLink.java:359)
	at com.ibm.ws.http.channel.internal.inbound.HttpInboundLink.ready(HttpInboundLink.java:326)
	at com.ibm.ws.tcpchannel.internal.NewConnectionInitialReadCallback.sendToDiscriminators(NewConnectionInitialReadCallback.java:167)
	at com.ibm.ws.tcpchannel.internal.NewConnectionInitialReadCallback.complete(NewConnectionInitialReadCallback.java:75)
	at com.ibm.ws.tcpchannel.internal.WorkQueueManager.requestComplete(WorkQueueManager.java:504)
	at com.ibm.ws.tcpchannel.internal.WorkQueueManager.attemptIO(WorkQueueManager.java:574)
	at com.ibm.ws.tcpchannel.internal.WorkQueueManager.workerRun(WorkQueueManager.java:958)
	at com.ibm.ws.tcpchannel.internal.WorkQueueManager$Worker.run(WorkQueueManager.java:1047)
	at com.ibm.ws.threading.internal.ExecutorServiceImpl$RunnableWrapper.run(ExecutorServiceImpl.java:239)
	at java.base/java.util.concurrent.ThreadPoolExecutor.runWorker(ThreadPoolExecutor.java:1130)
	at java.base/java.util.concurrent.ThreadPoolExecutor$Worker.run(ThreadPoolExecutor.java:630)
	at java.base/java.lang.Thread.run(Thread.java:832)

Dump of callerThis
Object type = com.ibm.ws.cdi.impl.weld.injection.WebSphereInjectionServicesImpl
  tc = class com.ibm.websphere.ras.TraceComponent@22b0321f
    strings[0] = "TraceComponent[com.ibm.ws.cdi.impl.weld.injection.WebSphereInjectionServicesImpl,class com.ibm.ws.cdi.impl.weld.injection.WebSphereInjectionServicesImpl,[JCDI],com.ibm.ws.cdi.internal.resources.CDI,null]"
  ANNOTATIONS_KNOWN_TO_WELD = class java.util.HashSet@1a2ccf9e
    serialVersionUID = "/* Could not access serialVersionUID */"
    map = "/* Could not access map */"
    PRESENT = "/* Could not access PRESENT */"
  referenceContextMap = class java.util.concurrent.ConcurrentHashMap@57ebb7fa
    serialVersionUID = "/* Could not access serialVersionUID */"
    MAXIMUM_CAPACITY = "/* Could not access MAXIMUM_CAPACITY */"
    DEFAULT_CAPACITY = "/* Could not access DEFAULT_CAPACITY */"
    MAX_ARRAY_SIZE = "/* Could not access MAX_ARRAY_SIZE */"
    DEFAULT_CONCURRENCY_LEVEL = "/* Could not access DEFAULT_CONCURRENCY_LEVEL */"
    LOAD_FACTOR = "/* Could not access LOAD_FACTOR */"
    TREEIFY_THRESHOLD = "/* Could not access TREEIFY_THRESHOLD */"
    UNTREEIFY_THRESHOLD = "/* Could not access UNTREEIFY_THRESHOLD */"
    MIN_TREEIFY_CAPACITY = "/* Could not access MIN_TREEIFY_CAPACITY */"
    MIN_TRANSFER_STRIDE = "/* Could not access MIN_TRANSFER_STRIDE */"
    RESIZE_STAMP_BITS = "/* Could not access RESIZE_STAMP_BITS */"
    MAX_RESIZERS = "/* Could not access MAX_RESIZERS */"
    RESIZE_STAMP_SHIFT = "/* Could not access RESIZE_STAMP_SHIFT */"
    MOVED = "/* Could not access MOVED */"
    TREEBIN = "/* Could not access TREEBIN */"
    RESERVED = "/* Could not access RESERVED */"
    HASH_BITS = "/* Could not access HASH_BITS */"
    NCPU = "/* Could not access NCPU */"
    serialPersistentFields = "/* Could not access serialPersistentFields */"
    table = "/* Could not access table */"
    nextTable = "/* Could not access nextTable */"
    baseCount = "/* Could not access baseCount */"
    sizeCtl = "/* Could not access sizeCtl */"
    transferIndex = "/* Could not access transferIndex */"
    cellsBusy = "/* Could not access cellsBusy */"
    counterCells = "/* Could not access counterCells */"
    keySet = "/* Could not access keySet */"
    values = "/* Could not access values */"
    entrySet = "/* Could not access entrySet */"
    U = "/* Could not access U */"
    SIZECTL = "/* Could not access SIZECTL */"
    TRANSFERINDEX = "/* Could not access TRANSFERINDEX */"
    BASECOUNT = "/* Could not access BASECOUNT */"
    CELLSBUSY = "/* Could not access CELLSBUSY */"
    CELLVALUE = "/* Could not access CELLVALUE */"
    ABASE = "/* Could not access ABASE */"
    ASHIFT = "/* Could not access ASHIFT */"
    keySet = "/* Could not access keySet */"
    values = "/* Could not access values */"
  referenceContexts = class java.util.Collections$SetFromMap@7bd76d0
    m = "/* Could not access m */"
    s = "/* Could not access s */"
    serialVersionUID = "/* Could not access serialVersionUID */"
  injectionTargetListeners = class java.util.concurrent.ConcurrentHashMap@44f3239d
    serialVersionUID = "/* Could not access serialVersionUID */"
    MAXIMUM_CAPACITY = "/* Could not access MAXIMUM_CAPACITY */"
    DEFAULT_CAPACITY = "/* Could not access DEFAULT_CAPACITY */"
    MAX_ARRAY_SIZE = "/* Could not access MAX_ARRAY_SIZE */"
    DEFAULT_CONCURRENCY_LEVEL = "/* Could not access DEFAULT_CONCURRENCY_LEVEL */"
    LOAD_FACTOR = "/* Could not access LOAD_FACTOR */"
    TREEIFY_THRESHOLD = "/* Could not access TREEIFY_THRESHOLD */"
    UNTREEIFY_THRESHOLD = "/* Could not access UNTREEIFY_THRESHOLD */"
    MIN_TREEIFY_CAPACITY = "/* Could not access MIN_TREEIFY_CAPACITY */"
    MIN_TRANSFER_STRIDE = "/* Could not access MIN_TRANSFER_STRIDE */"
    RESIZE_STAMP_BITS = "/* Could not access RESIZE_STAMP_BITS */"
    MAX_RESIZERS = "/* Could not access MAX_RESIZERS */"
    RESIZE_STAMP_SHIFT = "/* Could not access RESIZE_STAMP_SHIFT */"
    MOVED = "/* Could not access MOVED */"
    TREEBIN = "/* Could not access TREEBIN */"
    RESERVED = "/* Could not access RESERVED */"
    HASH_BITS = "/* Could not access HASH_BITS */"
    NCPU = "/* Could not access NCPU */"
    serialPersistentFields = "/* Could not access serialPersistentFields */"
    table = "/* Could not access table */"
    nextTable = "/* Could not access nextTable */"
    baseCount = "/* Could not access baseCount */"
    sizeCtl = "/* Could not access sizeCtl */"
    transferIndex = "/* Could not access transferIndex */"
    cellsBusy = "/* Could not access cellsBusy */"
    counterCells = "/* Could not access counterCells */"
    keySet = "/* Could not access keySet */"
    values = "/* Could not access values */"
    entrySet = "/* Could not access entrySet */"
    U = "/* Could not access U */"
    SIZECTL = "/* Could not access SIZECTL */"
    TRANSFERINDEX = "/* Could not access TRANSFERINDEX */"
    BASECOUNT = "/* Could not access BASECOUNT */"
    CELLSBUSY = "/* Could not access CELLSBUSY */"
    CELLVALUE = "/* Could not access CELLVALUE */"
    ABASE = "/* Could not access ABASE */"
    ASHIFT = "/* Could not access ASHIFT */"
    keySet = "/* Could not access keySet */"
    values = "/* Could not access values */"
  deployment = class com.ibm.ws.cdi.impl.weld.WebSphereCDIDeploymentImpl@38df44a2
    id = "product"
    deploymentDBAs = class java.util.HashMap@32017024
      serialVersionUID = "/* Could not access serialVersionUID */"
      DEFAULT_INITIAL_CAPACITY = "/* Could not access DEFAULT_INITIAL_CAPACITY */"
      MAXIMUM_CAPACITY = "/* Could not access MAXIMUM_CAPACITY */"
      DEFAULT_LOAD_FACTOR = "/* Could not access DEFAULT_LOAD_FACTOR */"
      TREEIFY_THRESHOLD = "/* Could not access TREEIFY_THRESHOLD */"
      UNTREEIFY_THRESHOLD = "/* Could not access UNTREEIFY_THRESHOLD */"
      MIN_TREEIFY_CAPACITY = "/* Could not access MIN_TREEIFY_CAPACITY */"
      table = "/* Could not access table */"
      entrySet = "/* Could not access entrySet */"
      size = "/* Could not access size */"
      modCount = "/* Could not access modCount */"
      threshold = "/* Could not access threshold */"
      loadFactor = "/* Could not access loadFactor */"
      keySet = "/* Could not access keySet */"
      values = "/* Could not access values */"
    applicationBDAs = class java.util.HashSet@5e669b42
      serialVersionUID = "/* Could not access serialVersionUID */"
      map = "/* Could not access map */"
      PRESENT = "/* Could not access PRESENT */"
    extensionBDAs = class java.util.HashMap@354a4d8
      serialVersionUID = "/* Could not access serialVersionUID */"
      DEFAULT_INITIAL_CAPACITY = "/* Could not access DEFAULT_INITIAL_CAPACITY */"
      MAXIMUM_CAPACITY = "/* Could not access MAXIMUM_CAPACITY */"
      DEFAULT_LOAD_FACTOR = "/* Could not access DEFAULT_LOAD_FACTOR */"
      TREEIFY_THRESHOLD = "/* Could not access TREEIFY_THRESHOLD */"
      UNTREEIFY_THRESHOLD = "/* Could not access UNTREEIFY_THRESHOLD */"
      MIN_TREEIFY_CAPACITY = "/* Could not access MIN_TREEIFY_CAPACITY */"
      table = "/* Could not access table */"
      entrySet = "/* Could not access entrySet */"
      size = "/* Could not access size */"
      modCount = "/* Could not access modCount */"
      threshold = "/* Could not access threshold */"
      loadFactor = "/* Could not access loadFactor */"
      keySet = "/* Could not access keySet */"
      values = "/* Could not access values */"
    orderedBDAs = class java.util.ArrayList@416c0a44
      serialVersionUID = "/* Could not access serialVersionUID */"
      DEFAULT_CAPACITY = "/* Could not access DEFAULT_CAPACITY */"
      EMPTY_ELEMENTDATA = "/* Could not access EMPTY_ELEMENTDATA */"
      DEFAULTCAPACITY_EMPTY_ELEMENTDATA = "/* Could not access DEFAULTCAPACITY_EMPTY_ELEMENTDATA */"
      elementData = "/* Could not access elementData */"
      size = "/* Could not access size */"
      modCount = "/* Could not access modCount */"
    bootstrap = class org.jboss.weld.bootstrap.WeldBootstrap@7855c21d
      weldStartup = null
      weldRuntime = class org.jboss.weld.bootstrap.WeldRuntime@320d0a00
      beansXmlValidator = null
    classloader = class com.ibm.ws.classloading.internal.AppClassLoader@2716dc76
      tc = class com.ibm.websphere.ras.TraceComponent@5d2cec00
      disableSharedClassesCache = false
      PARENT_FIRST_SEARCH_ORDER = class java.util.Collections$UnmodifiableRandomAccessList@7db00809
      packagesDefined = class java.util.Collections$SetFromMap@5c7cb42d
      CLASS_LOADING_TRACE_PREFIX = "com.ibm.ws.class.load."
      DEFAULT_PACKAGE = "default.package"
      perPackageClassLoadingTraceComponents = class java.util.concurrent.ConcurrentHashMap@6ddc7116
      config = class com.ibm.ws.classloading.internal.ClassLoaderConfigurationImpl@6d609d34
      privateLibraries = null
      delegateLoaders = class com.ibm.ws.classloading.internal.util.CompositeIterable@66aa6e8
      nativeLibraryFiles = class java.util.ArrayList@3f8ea7d4
      transformers = class java.util.ArrayList@31d435f2
      apiAccess = class com.ibm.ws.classloading.internal.GatewayClassLoader@36d309ec
      generator = class com.ibm.ws.classloading.internal.ClassGeneratorManager@4ebe0ad5
      protectionDomains = class java.util.concurrent.ConcurrentHashMap@58b487c1
      parent = class com.ibm.ws.classloading.internal.GatewayClassLoader@36d309ec
      hook = null
      serialVersionUID = 8734164900246230615
      tc = class com.ibm.websphere.ras.TraceComponent@16a7df5d
      smartClassPath = class com.ibm.ws.classloading.internal.ContainerClassLoader$SmartClassPathImpl@bba27d9
      nativeLibraryContainers = class java.util.ArrayList@4140817d
      redefiner = class com.ibm.ws.classloading.internal.util.ClassRedefiner@70d507ee
      jarProtocol = "wsjar:"
      mapCreationQueue = class java.util.concurrent.Executors$FinalizableDelegatedExecutorService@3db23625
      serialVersionUID = 6399598832433768509
      serialVersionUID = 1837293532091806117
      $$$tc$$$ = class com.ibm.websphere.ras.TraceComponent@330fe15f
      serialVersionUID = -4586727107834513475
      $$$tc$$$ = class com.ibm.websphere.ras.TraceComponent@3f96bcc0
      serialVersionUID = -7709588811276454856
      $$$tc$$$ = class com.ibm.websphere.ras.TraceComponent@6c4fcf19
      pdcache = "/* Could not access pdcache */"
    extensionClassLoaders = class java.util.HashSet@1203fade
      serialVersionUID = "/* Could not access serialVersionUID */"
      map = "/* Could not access map */"
      PRESENT = "/* Could not access PRESENT */"
    cdiEnabled = true
    cdiStatusMap = class java.util.HashMap@34d7fe22
      serialVersionUID = "/* Could not access serialVersionUID */"
      DEFAULT_INITIAL_CAPACITY = "/* Could not access DEFAULT_INITIAL_CAPACITY */"
      MAXIMUM_CAPACITY = "/* Could not access MAXIMUM_CAPACITY */"
      DEFAULT_LOAD_FACTOR = "/* Could not access DEFAULT_LOAD_FACTOR */"
      TREEIFY_THRESHOLD = "/* Could not access TREEIFY_THRESHOLD */"
      UNTREEIFY_THRESHOLD = "/* Could not access UNTREEIFY_THRESHOLD */"
      MIN_TREEIFY_CAPACITY = "/* Could not access MIN_TREEIFY_CAPACITY */"
      table = "/* Could not access table */"
      entrySet = "/* Could not access entrySet */"
      size = "/* Could not access size */"
      modCount = "/* Could not access modCount */"
      threshold = "/* Could not access threshold */"
      loadFactor = "/* Could not access loadFactor */"
      keySet = "/* Could not access keySet */"
      values = "/* Could not access values */"
    classBDAMap = class java.util.concurrent.ConcurrentHashMap@1548ecd6
      serialVersionUID = "/* Could not access serialVersionUID */"
      MAXIMUM_CAPACITY = "/* Could not access MAXIMUM_CAPACITY */"
      DEFAULT_CAPACITY = "/* Could not access DEFAULT_CAPACITY */"
      MAX_ARRAY_SIZE = "/* Could not access MAX_ARRAY_SIZE */"
      DEFAULT_CONCURRENCY_LEVEL = "/* Could not access DEFAULT_CONCURRENCY_LEVEL */"
      LOAD_FACTOR = "/* Could not access LOAD_FACTOR */"
      TREEIFY_THRESHOLD = "/* Could not access TREEIFY_THRESHOLD */"
      UNTREEIFY_THRESHOLD = "/* Could not access UNTREEIFY_THRESHOLD */"
      MIN_TREEIFY_CAPACITY = "/* Could not access MIN_TREEIFY_CAPACITY */"
      MIN_TRANSFER_STRIDE = "/* Could not access MIN_TRANSFER_STRIDE */"
      RESIZE_STAMP_BITS = "/* Could not access RESIZE_STAMP_BITS */"
      MAX_RESIZERS = "/* Could not access MAX_RESIZERS */"
      RESIZE_STAMP_SHIFT = "/* Could not access RESIZE_STAMP_SHIFT */"
      MOVED = "/* Could not access MOVED */"
      TREEBIN = "/* Could not access TREEBIN */"
      RESERVED = "/* Could not access RESERVED */"
      HASH_BITS = "/* Could not access HASH_BITS */"
      NCPU = "/* Could not access NCPU */"
      serialPersistentFields = "/* Could not access serialPersistentFields */"
      table = "/* Could not access table */"
      nextTable = "/* Could not access nextTable */"
      baseCount = "/* Could not access baseCount */"
      sizeCtl = "/* Could not access sizeCtl */"
      transferIndex = "/* Could not access transferIndex */"
      cellsBusy = "/* Could not access cellsBusy */"
      counterCells = "/* Could not access counterCells */"
      keySet = "/* Could not access keySet */"
      values = "/* Could not access values */"
      entrySet = "/* Could not access entrySet */"
      U = "/* Could not access U */"
      SIZECTL = "/* Could not access SIZECTL */"
      TRANSFERINDEX = "/* Could not access TRANSFERINDEX */"
      BASECOUNT = "/* Could not access BASECOUNT */"
      CELLSBUSY = "/* Could not access CELLSBUSY */"
      CELLVALUE = "/* Could not access CELLVALUE */"
      ABASE = "/* Could not access ABASE */"
      ASHIFT = "/* Could not access ASHIFT */"
      keySet = "/* Could not access keySet */"
      values = "/* Could not access values */"
    application = class com.ibm.ws.cdi.internal.archive.liberty.ApplicationImpl@43db9148
      tc = class com.ibm.websphere.ras.TraceComponent@15e21e4c
      applicationInfo = class com.ibm.ws.container.service.app.deploy.internal.ApplicationInfoImpl@1a7bbb80
      earApplicationInfo = null
      factory = class com.ibm.ws.cdi.internal.archive.liberty.RuntimeFactory@2ccc877f
      type = class com.ibm.ws.cdi.internal.interfaces.ApplicationType@4a11b9ec
      moduleArchives = class java.util.HashMap$Values@5d538dc2
      libraryArchives = class java.util.HashMap$Values@418dfd1e
      serialVersionUID = 2750581203715901427
    serviceRegistry = class org.jboss.weld.bootstrap.api.helpers.SimpleServiceRegistry@4e8346e7
      services = class java.util.HashMap@51ab4702
    extensions = class java.util.HashSet@452e97fb
      serialVersionUID = "/* Could not access serialVersionUID */"
      map = "/* Could not access map */"
      PRESENT = "/* Could not access PRESENT */"
    spiExtensions = class java.util.HashSet@17d2edd4
      serialVersionUID = "/* Could not access serialVersionUID */"
      map = "/* Could not access map */"
      PRESENT = "/* Could not access PRESENT */"
    injectionServices = class com.ibm.ws.cdi.impl.weld.injection.WebSphereInjectionServicesImpl@314e5872
    cdiRuntime = class com.ibm.ws.cdi.liberty.CDIRuntimeImpl@4e21a1ce
      tc = class com.ibm.websphere.ras.TraceComponent@3f287c89
      metaDataSlotServiceSR = class com.ibm.wsspi.kernel.service.utils.AtomicServiceReference@713e4758
      ejbEndpointServiceSR = class com.ibm.wsspi.kernel.service.utils.AtomicServiceReference@2729a797
      classLoadingSRRef = class com.ibm.wsspi.kernel.service.utils.AtomicServiceReference@25173522
      ejbServices = class com.ibm.wsspi.kernel.service.utils.AtomicServiceReference@109d09a5
      transactionService = class com.ibm.wsspi.kernel.service.utils.AtomicServiceReference@131a8869
      securityServices = class com.ibm.wsspi.kernel.service.utils.AtomicServiceReference@79e59082
      extensionsSR = class com.ibm.wsspi.kernel.service.utils.ConcurrentServiceReferenceSet@654704b9
      spiExtensionsSR = class com.ibm.wsspi.kernel.service.utils.ConcurrentServiceReferenceSet@1d6ff995
      containerFactorySRRef = class com.ibm.wsspi.kernel.service.utils.AtomicServiceReference@5a717391
      adaptableModuleFactorySRRef = class com.ibm.wsspi.kernel.service.utils.AtomicServiceReference@f4589dd
      injectionEngineServiceRef = class com.ibm.wsspi.kernel.service.utils.AtomicServiceReference@527a3640
      scheduledExecutorServiceRef = class com.ibm.wsspi.kernel.service.utils.AtomicServiceReference@303bdecb
      executorServiceRef = class com.ibm.wsspi.kernel.service.utils.AtomicServiceReference@6187cea6
      managedExecutorServiceRef = class com.ibm.wsspi.kernel.service.utils.AtomicServiceReference@422fa82a
      containerConfigRef = class com.ibm.wsspi.kernel.service.utils.AtomicServiceReference@41e44e19
      resourceRefConfigFactoryRef = class com.ibm.wsspi.kernel.service.utils.AtomicServiceReference@2fc71d68
      deferredMetaDataFactoryRef = class com.ibm.wsspi.kernel.service.utils.AtomicServiceReference@706a14c8
      applicationSlot = class com.ibm.ws.runtime.metadata.MetaDataSlotImpl@4fbb8c17
      isClientProcess = false
      runtimeFactory = class com.ibm.ws.cdi.internal.archive.liberty.RuntimeFactory@2ccc877f
      proxyServices = class com.ibm.ws.cdi.liberty.ProxyServicesImpl@3bf7f3d3
      appTccls = class java.util.concurrent.ConcurrentHashMap@1b1b6c31
      serialVersionUID = -656282939097194280
      cdiContainer = class com.ibm.ws.cdi.impl.CDIContainerImpl@8d38071
      serialVersionUID = -3685775177967064433
      $$$tc$$$ = class com.ibm.websphere.ras.TraceComponent@66ff09af
    cdi = class com.ibm.ws.cdi.impl.CDIImpl@81c7fb7
      cdiService = class com.ibm.ws.cdi.liberty.CDIRuntimeImpl@4e21a1ce
      serialVersionUID = -7939958868102936626
      $$$tc$$$ = class com.ibm.websphere.ras.TraceComponent@c7fe754
      knownClassNames = class org.jboss.weld.util.collections.ImmutableTinySet$Tripleton@3995d814
      instanceCache = class org.jboss.weld.util.cache.ReentrantMapBackedComputingCache@7e4c51df
      lock = class java.lang.Object@1096ecf4
      discoveredProviders = null
      configuredProvider = class com.ibm.ws.cdi.liberty.CDIRuntimeImpl@4e21a1ce
    serialVersionUID = -3367681023909837782
    $$$tc$$$ = class com.ibm.websphere.ras.TraceComponent@1e841792
      strings[0] = "TraceComponent[com.ibm.ws.cdi.impl.weld.WebSphereCDIDeploymentImpl,class com.ibm.ws.cdi.impl.weld.WebSphereCDIDeploymentImpl,[JCDI],com.ibm.ws.cdi.internal.resources.CDI,null]"
  serialVersionUID = 2515575801175940133

Dump of objectArray[0]
Object type = io.microservice.thi.product.DAO.ProductDAO
  em = null

Dump of objectArray[1]
Object type = java.lang.Class
  ANNOTATION = "/* Could not access ANNOTATION */"
  ENUM = "/* Could not access ENUM */"
  SYNTHETIC = "/* Could not access SYNTHETIC */"
  cachedConstructor = "/* Could not access cachedConstructor */"
  name = "/* Could not access name */"
  module = "/* Could not access module */"
  packageName = "/* Could not access packageName */"
  componentType = "/* Could not access componentType */"
  allPermDomain = "/* Could not access allPermDomain */"
  reflectionData = "/* Could not access reflectionData */"
  classRedefinedCount = "/* Could not access classRedefinedCount */"
  genericInfo = "/* Could not access genericInfo */"
  EMPTY_CLASS_ARRAY = "/* Could not access EMPTY_CLASS_ARRAY */"
  serialVersionUID = "/* Could not access serialVersionUID */"
  serialPersistentFields = "/* Could not access serialPersistentFields */"
  JAVA_LANG_RECORD_CLASS = "/* Could not access JAVA_LANG_RECORD_CLASS */"
  reflectionFactory = "/* Could not access reflectionFactory */"
  enumConstants = "/* Could not access enumConstants */"
  enumConstantDirectory = "/* Could not access enumConstantDirectory */"
  annotationData = "/* Could not access annotationData */"
  annotationType = "/* Could not access annotationType */"
  classValueMap = "/* Could not access classValueMap */"

Dump of objectArray[2]
Object type = org.jboss.weld.injection.producer.ResourceInjector$1
  val$instance = class io.microservice.thi.product.DAO.ProductDAO@594cc12
    em = null
  val$ctx = class org.jboss.weld.contexts.CreationalContextImpl@118125d4
    serialVersionUID = 7375854583908262422
    SERIALIZATION_PROXY = class org.jboss.weld.contexts.CreationalContextImpl$SerializationProxy@270417de
      serialVersionUID = 5261112077771498097
    incompleteInstances = class java.util.HashMap@476d1c92
      serialVersionUID = "/* Could not access serialVersionUID */"
      DEFAULT_INITIAL_CAPACITY = "/* Could not access DEFAULT_INITIAL_CAPACITY */"
      MAXIMUM_CAPACITY = "/* Could not access MAXIMUM_CAPACITY */"
      DEFAULT_LOAD_FACTOR = "/* Could not access DEFAULT_LOAD_FACTOR */"
      TREEIFY_THRESHOLD = "/* Could not access TREEIFY_THRESHOLD */"
      UNTREEIFY_THRESHOLD = "/* Could not access UNTREEIFY_THRESHOLD */"
      MIN_TREEIFY_CAPACITY = "/* Could not access MIN_TREEIFY_CAPACITY */"
      table = "/* Could not access table */"
      entrySet = "/* Could not access entrySet */"
      size = "/* Could not access size */"
      modCount = "/* Could not access modCount */"
      threshold = "/* Could not access threshold */"
      loadFactor = "/* Could not access loadFactor */"
      keySet = "/* Could not access keySet */"
      values = "/* Could not access values */"
    contextual = class org.jboss.weld.bean.ManagedBean@6c9c20d9
      proxiable = true
      passivationCapableBean = false
      passivationCapableDependency = true
      hasPostConstructCallback = false
      annotatedType = class org.jboss.weld.annotated.slim.backed.BackedAnnotatedType@72e02e35
      enhancedAnnotatedItem = null
      producer = class org.jboss.weld.injection.producer.BeanInjectionTarget@6a57192e
      type = class java.lang.Class@7cb40c2f
      preInitialized = false
      proxyRequired = true
      producer = null
      ignoreFinalMethods = false
      beanManager = class org.jboss.weld.manager.BeanManagerImpl@6d8f78df
      initialized = true
      qualifiers = class org.jboss.weld.util.collections.ImmutableTinySet$Doubleton@5279f5ce
      contextualInstanceStrategy = class org.jboss.weld.bean.ContextualInstanceStrategy$CachingContextualInstanceStrategy@6e401cdc
      attributes = class org.jboss.weld.bean.attributes.ImmutableBeanAttributes@39be88aa
      identifier = class org.jboss.weld.bean.StringBeanIdentifier@7aeb4b0b
    dependentInstances = class java.util.Collections$SynchronizedRandomAccessList@231b4c6c
      serialVersionUID = "/* Could not access serialVersionUID */"
      serialVersionUID = "/* Could not access serialVersionUID */"
      list = "/* Could not access list */"
      serialVersionUID = "/* Could not access serialVersionUID */"
      c = "/* Could not access c */"
      mutex = "/* Could not access mutex */"
    parentDependentInstances = class java.util.Collections$SynchronizedRandomAccessList@24a60536
      serialVersionUID = "/* Could not access serialVersionUID */"
      serialVersionUID = "/* Could not access serialVersionUID */"
      list = "/* Could not access list */"
      serialVersionUID = "/* Could not access serialVersionUID */"
      c = "/* Could not access c */"
      mutex = "/* Could not access mutex */"
    parentCreationalContext = null
    resourceReferences = null
    constructorInterceptionSuppressed = false
    aroundConstructCallbacks = null
    aroundConstructInterceptionContext = null
  val$manager = class org.jboss.weld.manager.BeanManagerImpl@6d8f78df
    serialVersionUID = 3021562879133838561
    CREATIONAL_CONTEXT = "creationalContext"
    services = class org.jboss.weld.bootstrap.api.helpers.SimpleServiceRegistry@643ff936
      services = class java.util.HashMap@243879d7
    contexts = class java.util.concurrent.ConcurrentHashMap@4cf7dc9b
      serialVersionUID = "/* Could not access serialVersionUID */"
      MAXIMUM_CAPACITY = "/* Could not access MAXIMUM_CAPACITY */"
      DEFAULT_CAPACITY = "/* Could not access DEFAULT_CAPACITY */"
      MAX_ARRAY_SIZE = "/* Could not access MAX_ARRAY_SIZE */"
      DEFAULT_CONCURRENCY_LEVEL = "/* Could not access DEFAULT_CONCURRENCY_LEVEL */"
      LOAD_FACTOR = "/* Could not access LOAD_FACTOR */"
      TREEIFY_THRESHOLD = "/* Could not access TREEIFY_THRESHOLD */"
      UNTREEIFY_THRESHOLD = "/* Could not access UNTREEIFY_THRESHOLD */"
      MIN_TREEIFY_CAPACITY = "/* Could not access MIN_TREEIFY_CAPACITY */"
      MIN_TRANSFER_STRIDE = "/* Could not access MIN_TRANSFER_STRIDE */"
      RESIZE_STAMP_BITS = "/* Could not access RESIZE_STAMP_BITS */"
      MAX_RESIZERS = "/* Could not access MAX_RESIZERS */"
      RESIZE_STAMP_SHIFT = "/* Could not access RESIZE_STAMP_SHIFT */"
      MOVED = "/* Could not access MOVED */"
      TREEBIN = "/* Could not access TREEBIN */"
      RESERVED = "/* Could not access RESERVED */"
      HASH_BITS = "/* Could not access HASH_BITS */"
      NCPU = "/* Could not access NCPU */"
      serialPersistentFields = "/* Could not access serialPersistentFields */"
      table = "/* Could not access table */"
      nextTable = "/* Could not access nextTable */"
      baseCount = "/* Could not access baseCount */"
      sizeCtl = "/* Could not access sizeCtl */"
      transferIndex = "/* Could not access transferIndex */"
      cellsBusy = "/* Could not access cellsBusy */"
      counterCells = "/* Could not access counterCells */"
      keySet = "/* Could not access keySet */"
      values = "/* Could not access values */"
      entrySet = "/* Could not access entrySet */"
      U = "/* Could not access U */"
      SIZECTL = "/* Could not access SIZECTL */"
      TRANSFERINDEX = "/* Could not access TRANSFERINDEX */"
      BASECOUNT = "/* Could not access BASECOUNT */"
      CELLSBUSY = "/* Could not access CELLSBUSY */"
      CELLVALUE = "/* Could not access CELLVALUE */"
      ABASE = "/* Could not access ABASE */"
      ASHIFT = "/* Could not access ASHIFT */"
      keySet = "/* Could not access keySet */"
      values = "/* Could not access values */"
    clientProxyProvider = class org.jboss.weld.bean.proxy.ClientProxyProvider@1e3b2242
      BEAN_NOT_PROXYABLE_MARKER = class java.lang.Object@2f87ca17
      beanTypeClosureProxyPool = class org.jboss.weld.util.cache.ReentrantMapBackedComputingCache@4ef2b00f
      requestedTypeClosureProxyPool = class org.jboss.weld.util.cache.ReentrantMapBackedComputingCache@56231644
      contextId = "product"
      services = class org.jboss.weld.bootstrap.api.helpers.ServiceRegistries$1@44100652
    enterpriseBeans = class java.util.concurrent.ConcurrentHashMap@6d593636
      serialVersionUID = "/* Could not access serialVersionUID */"
      MAXIMUM_CAPACITY = "/* Could not access MAXIMUM_CAPACITY */"
      DEFAULT_CAPACITY = "/* Could not access DEFAULT_CAPACITY */"
      MAX_ARRAY_SIZE = "/* Could not access MAX_ARRAY_SIZE */"
      DEFAULT_CONCURRENCY_LEVEL = "/* Could not access DEFAULT_CONCURRENCY_LEVEL */"
      LOAD_FACTOR = "/* Could not access LOAD_FACTOR */"
      TREEIFY_THRESHOLD = "/* Could not access TREEIFY_THRESHOLD */"
      UNTREEIFY_THRESHOLD = "/* Could not access UNTREEIFY_THRESHOLD */"
      MIN_TREEIFY_CAPACITY = "/* Could not access MIN_TREEIFY_CAPACITY */"
      MIN_TRANSFER_STRIDE = "/* Could not access MIN_TRANSFER_STRIDE */"
      RESIZE_STAMP_BITS = "/* Could not access RESIZE_STAMP_BITS */"
      MAX_RESIZERS = "/* Could not access MAX_RESIZERS */"
      RESIZE_STAMP_SHIFT = "/* Could not access RESIZE_STAMP_SHIFT */"
      MOVED = "/* Could not access MOVED */"
      TREEBIN = "/* Could not access TREEBIN */"
      RESERVED = "/* Could not access RESERVED */"
      HASH_BITS = "/* Could not access HASH_BITS */"
      NCPU = "/* Could not access NCPU */"
      serialPersistentFields = "/* Could not access serialPersistentFields */"
      table = "/* Could not access table */"
      nextTable = "/* Could not access nextTable */"
      baseCount = "/* Could not access baseCount */"
      sizeCtl = "/* Could not access sizeCtl */"
      transferIndex = "/* Could not access transferIndex */"
      cellsBusy = "/* Could not access cellsBusy */"
      counterCells = "/* Could not access counterCells */"
      keySet = "/* Could not access keySet */"
      values = "/* Could not access values */"
      entrySet = "/* Could not access entrySet */"
      U = "/* Could not access U */"
      SIZECTL = "/* Could not access SIZECTL */"
      TRANSFERINDEX = "/* Could not access TRANSFERINDEX */"
      BASECOUNT = "/* Could not access BASECOUNT */"
      CELLSBUSY = "/* Could not access CELLSBUSY */"
      CELLVALUE = "/* Could not access CELLVALUE */"
      ABASE = "/* Could not access ABASE */"
      ASHIFT = "/* Could not access ASHIFT */"
      keySet = "/* Could not access keySet */"
      values = "/* Could not access values */"
    enabled = class org.jboss.weld.bootstrap.enablement.ModuleEnablement@763494e2
      EMPTY_ENABLEMENT = class org.jboss.weld.bootstrap.enablement.ModuleEnablement@67a1161d
      interceptors = class org.jboss.weld.util.collections.ImmutableArrayList@96950c9
      decorators = class java.util.Collections$EmptyList@24372690
      interceptorMap = class java.util.Collections$UnmodifiableMap@44df6296
      decoratorMap = class java.util.Collections$EmptyMap@4f9e3be0
      globalAlternatives = class org.jboss.weld.util.collections.ImmutableMapEntry@644cda15
      localAlternativeClasses = class java.util.Collections$EmptySet@104be5d5
      localAlternativeStereotypes = class java.util.Collections$EmptySet@104be5d5
      decoratorComparator = class org.jboss.weld.bootstrap.enablement.ModuleEnablement$EnablementComparator@bb2297f
      interceptorComparator = class org.jboss.weld.bootstrap.enablement.ModuleEnablement$EnablementComparator@489edfd8
    beanResolver = class org.jboss.weld.resolution.TypeSafeBeanResolver@4d58dbb
      beanManager = class org.jboss.weld.manager.BeanManagerImpl@6d8f78df
      disambiguatedBeans = class org.jboss.weld.util.cache.ReentrantMapBackedComputingCache@6f536026
      store = class org.jboss.weld.metadata.cache.MetaAnnotationStore@6bd970ef
      beansByType = class org.jboss.weld.resolution.AbstractTypeSafeBeanResolver$1@161123df
      resolved = class org.jboss.weld.util.cache.ReentrantMapBackedComputingCache@75539160
      allBeans = class org.jboss.weld.util.collections.Iterables$$Lambda$196/0x00000008013ce040@44be9215
      resolverFunction = class org.jboss.weld.resolution.TypeSafeResolver$ResolvableToBeanCollection@309898f4
    decoratorResolver = class org.jboss.weld.resolution.TypeSafeDecoratorResolver@433b8651
      rules = class org.jboss.weld.resolution.DelegateInjectionPointAssignabilityRules@73ae2f9c
      beanManager = class org.jboss.weld.manager.BeanManagerImpl@6d8f78df
      disambiguatedBeans = class org.jboss.weld.util.cache.ReentrantMapBackedComputingCache@69244aa2
      store = class org.jboss.weld.metadata.cache.MetaAnnotationStore@6bd970ef
      beansByType = class org.jboss.weld.resolution.AbstractTypeSafeBeanResolver$1@7dc0c79d
      resolved = class org.jboss.weld.util.cache.ReentrantMapBackedComputingCache@7f90d576
      allBeans = class org.jboss.weld.util.collections.Iterables$$Lambda$196/0x00000008013ce040@34aae17c
      resolverFunction = class org.jboss.weld.resolution.TypeSafeResolver$ResolvableToBeanCollection@14d4a10e
    interceptorResolver = class org.jboss.weld.resolution.TypeSafeInterceptorResolver@67f7e086
      manager = class org.jboss.weld.manager.BeanManagerImpl@6d8f78df
      resolved = class org.jboss.weld.util.cache.ReentrantMapBackedComputingCache@46b906e3
      allBeans = class org.jboss.weld.util.collections.Iterables$$Lambda$196/0x00000008013ce040@76270a1b
      resolverFunction = class org.jboss.weld.resolution.TypeSafeResolver$ResolvableToBeanCollection@28c6313
    nameBasedResolver = class org.jboss.weld.resolution.NameBasedResolver@35b6fb1e
      resolvedNames = class org.jboss.weld.util.cache.ReentrantMapBackedComputingCache@57e830ea
    weldELResolver = class org.jboss.weld.module.web.el.WeldELResolver@1d260046
      beanManager = class org.jboss.weld.manager.BeanManagerImpl@6d8f78df
      rootNamespace = class org.jboss.weld.util.LazyValueHolder$1@24a6452c
      TYPE = "type"
      RESOLVABLE_AT_DESIGN_TIME = "resolvableAtDesignTime"
    accessibleLenientObserverNotifier = class org.jboss.weld.module.jta.TransactionalObserverNotifier@2b014bd
      FACTORY = class org.jboss.weld.module.jta.TransactionalObserverNotifier$1@97bf45e
      transactionServices = class com.ibm.ws.cdi.impl.weld.TransactionServicesImpl@77ddc101
      contextId = "product"
      NO_EXCEPTION_MARKER = class java.lang.RuntimeException@17316882
      resolver = class org.jboss.weld.resolution.TypeSafeObserverResolver@bb7a49d
      sharedObjectCache = class org.jboss.weld.resources.SharedObjectCache@6b0d061e
      strict = false
      currentEventMetadata = class org.jboss.weld.event.CurrentEventMetadata@26af8e3c
      eventTypeCheckCache = null
      asyncEventExecutor = class com.ibm.ws.threading.internal.ExecutorServiceImpl@2074655d
      timerExecutor = class com.ibm.ws.threading.internal.ScheduledExecutorImpl@5d6beaea
      securityServices = class com.ibm.ws.cdi.impl.DefaultCDI20SecurityService@238a9c37
      requestContextHolder = class org.jboss.weld.util.LazyValueHolder$1@28466944
    globalLenientObserverNotifier = class org.jboss.weld.module.jta.TransactionalObserverNotifier@5a9b37bd
      FACTORY = class org.jboss.weld.module.jta.TransactionalObserverNotifier$1@97bf45e
      transactionServices = class com.ibm.ws.cdi.impl.weld.TransactionServicesImpl@77ddc101
      contextId = "product"
      NO_EXCEPTION_MARKER = class java.lang.RuntimeException@17316882
      resolver = class org.jboss.weld.resolution.TypeSafeObserverResolver@70a05d72
      sharedObjectCache = class org.jboss.weld.resources.SharedObjectCache@6b0d061e
      strict = false
      currentEventMetadata = class org.jboss.weld.event.CurrentEventMetadata@26af8e3c
      eventTypeCheckCache = null
      asyncEventExecutor = class com.ibm.ws.threading.internal.ExecutorServiceImpl@2074655d
      timerExecutor = class com.ibm.ws.threading.internal.ScheduledExecutorImpl@5d6beaea
      securityServices = class com.ibm.ws.cdi.impl.DefaultCDI20SecurityService@238a9c37
      requestContextHolder = class org.jboss.weld.util.LazyValueHolder$1@355d153a
    globalStrictObserverNotifier = class org.jboss.weld.module.jta.TransactionalObserverNotifier@58f749fb
      FACTORY = class org.jboss.weld.module.jta.TransactionalObserverNotifier$1@97bf45e
      transactionServices = class com.ibm.ws.cdi.impl.weld.TransactionServicesImpl@77ddc101
      contextId = "product"
      NO_EXCEPTION_MARKER = class java.lang.RuntimeException@17316882
      resolver = class org.jboss.weld.resolution.TypeSafeObserverResolver@70a05d72
      sharedObjectCache = class org.jboss.weld.resources.SharedObjectCache@6b0d061e
      strict = true
      currentEventMetadata = class org.jboss.weld.event.CurrentEventMetadata@26af8e3c
      eventTypeCheckCache = class org.jboss.weld.util.cache.ReentrantMapBackedComputingCache@3f638621
      asyncEventExecutor = class com.ibm.ws.threading.internal.ExecutorServiceImpl@2074655d
      timerExecutor = class com.ibm.ws.threading.internal.ScheduledExecutorImpl@5d6beaea
      securityServices = class com.ibm.ws.cdi.impl.DefaultCDI20SecurityService@238a9c37
      requestContextHolder = class org.jboss.weld.util.LazyValueHolder$1@51b31ef9
    enabledBeans = class java.util.concurrent.CopyOnWriteArrayList@757e4693
      serialVersionUID = "/* Could not access serialVersionUID */"
      lock = "/* Could not access lock */"
      array = "/* Could not access array */"
    sharedBeans = class java.util.concurrent.CopyOnWriteArrayList@77e9a17d
      serialVersionUID = "/* Could not access serialVersionUID */"
      lock = "/* Could not access lock */"
      array = "/* Could not access array */"
    specializedBeans = class java.util.concurrent.CopyOnWriteArrayList@74cc46e2
      serialVersionUID = "/* Could not access serialVersionUID */"
      lock = "/* Could not access lock */"
      array = "/* Could not access array */"
    decorators = class java.util.concurrent.CopyOnWriteArrayList@16167111
      serialVersionUID = "/* Could not access serialVersionUID */"
      lock = "/* Could not access lock */"
      array = "/* Could not access array */"
    interceptors = class java.util.concurrent.CopyOnWriteArrayList@11dbf79e
      serialVersionUID = "/* Could not access serialVersionUID */"
      lock = "/* Could not access lock */"
      array = "/* Could not access array */"
    namespaces = class java.util.concurrent.CopyOnWriteArrayList@2b835e91
      serialVersionUID = "/* Could not access serialVersionUID */"
      lock = "/* Could not access lock */"
      array = "/* Could not access array */"
    observers = class java.util.concurrent.CopyOnWriteArrayList@3deee655
      serialVersionUID = "/* Could not access serialVersionUID */"
      lock = "/* Could not access lock */"
      array = "/* Could not access array */"
    beanSet = null
    managers = class java.util.HashSet@18558600
      serialVersionUID = "/* Could not access serialVersionUID */"
      map = "/* Could not access map */"
      PRESENT = "/* Could not access PRESENT */"
    accessibleManagers = class java.util.HashSet@56fce593
      serialVersionUID = "/* Could not access serialVersionUID */"
      map = "/* Could not access map */"
      PRESENT = "/* Could not access PRESENT */"
    id = "product#product.war"
    contextId = "product"
    interceptorModelRegistry = class java.util.concurrent.ConcurrentHashMap@673a5e0b
      serialVersionUID = "/* Could not access serialVersionUID */"
      MAXIMUM_CAPACITY = "/* Could not access MAXIMUM_CAPACITY */"
      DEFAULT_CAPACITY = "/* Could not access DEFAULT_CAPACITY */"
      MAX_ARRAY_SIZE = "/* Could not access MAX_ARRAY_SIZE */"
      DEFAULT_CONCURRENCY_LEVEL = "/* Could not access DEFAULT_CONCURRENCY_LEVEL */"
      LOAD_FACTOR = "/* Could not access LOAD_FACTOR */"
      TREEIFY_THRESHOLD = "/* Could not access TREEIFY_THRESHOLD */"
      UNTREEIFY_THRESHOLD = "/* Could not access UNTREEIFY_THRESHOLD */"
      MIN_TREEIFY_CAPACITY = "/* Could not access MIN_TREEIFY_CAPACITY */"
      MIN_TRANSFER_STRIDE = "/* Could not access MIN_TRANSFER_STRIDE */"
      RESIZE_STAMP_BITS = "/* Could not access RESIZE_STAMP_BITS */"
      MAX_RESIZERS = "/* Could not access MAX_RESIZERS */"
      RESIZE_STAMP_SHIFT = "/* Could not access RESIZE_STAMP_SHIFT */"
      MOVED = "/* Could not access MOVED */"
      TREEBIN = "/* Could not access TREEBIN */"
      RESERVED = "/* Could not access RESERVED */"
      HASH_BITS = "/* Could not access HASH_BITS */"
      NCPU = "/* Could not access NCPU */"
      serialPersistentFields = "/* Could not access serialPersistentFields */"
      table = "/* Could not access table */"
      nextTable = "/* Could not access nextTable */"
      baseCount = "/* Could not access baseCount */"
      sizeCtl = "/* Could not access sizeCtl */"
      transferIndex = "/* Could not access transferIndex */"
      cellsBusy = "/* Could not access cellsBusy */"
      counterCells = "/* Could not access counterCells */"
      keySet = "/* Could not access keySet */"
      values = "/* Could not access values */"
      entrySet = "/* Could not access entrySet */"
      U = "/* Could not access U */"
      SIZECTL = "/* Could not access SIZECTL */"
      TRANSFERINDEX = "/* Could not access TRANSFERINDEX */"
      BASECOUNT = "/* Could not access BASECOUNT */"
      CELLSBUSY = "/* Could not access CELLSBUSY */"
      CELLVALUE = "/* Could not access CELLVALUE */"
      ABASE = "/* Could not access ABASE */"
      ASHIFT = "/* Could not access ASHIFT */"
      keySet = "/* Could not access keySet */"
      values = "/* Could not access values */"
    interceptorMetadataReader = class org.jboss.weld.interceptor.reader.InterceptorMetadataReader@2dacc0f7
      manager = class org.jboss.weld.manager.BeanManagerImpl@6d8f78df
      plainInterceptorMetadataCache = class org.jboss.weld.util.cache.ReentrantMapBackedComputingCache@776adf8f
      cdiInterceptorMetadataCache = class org.jboss.weld.util.cache.ReentrantMapBackedComputingCache@75742f05
      interceptorToInterceptorMetadataFunction = class org.jboss.weld.interceptor.reader.InterceptorMetadataReader$$Lambda$197/0x00000008013ce440@6f170905
    containerLifecycleEvents = class org.jboss.weld.bootstrap.events.ContainerLifecycleEvents@197d26c4
      everythingObserved = false
      processAnnotatedTypeObserved = true
      processBeanObserved = false
      processBeanAttributesObserved = false
      processInjectionPointObserved = true
      processInjectionTargetObserved = true
      processProducerObserved = false
      processObserverMethodObserved = true
      discovery = class org.jboss.weld.bootstrap.events.RequiredAnnotationDiscovery@1929c00e
      preloader = class org.jboss.weld.bootstrap.events.ContainerLifecycleEventPreloader@4480e2d4
    registry = class org.jboss.weld.bootstrap.SpecializationAndEnablementRegistry@289c9805
      specializedBeanResolvers = class org.jboss.weld.util.cache.ReentrantMapBackedComputingCache@614c32a7
      environmentByManager = class java.util.concurrent.ConcurrentHashMap@e4e1e08
      specializedBeans = class org.jboss.weld.util.cache.ReentrantMapBackedComputingCache@7a331c9f
      specializedBeansMap = class java.util.concurrent.ConcurrentHashMap@4bc436ca
    currentInjectionPoint = class org.jboss.weld.injection.CurrentInjectionPoint@1de3411b
      threadLocalStack = class org.jboss.weld.injection.ThreadLocalStack$1@6f3efef3
      NULL_REFERENCE = class org.jboss.weld.injection.ThreadLocalStack$2@61be73e9
    clientProxyOptimization = false
    validationFailureCallbacks = class java.util.concurrent.CopyOnWriteArrayList@56039128
      serialVersionUID = "/* Could not access serialVersionUID */"
      lock = "/* Could not access lock */"
      array = "/* Could not access array */"
    requestInitializedEvent = class org.jboss.weld.util.LazyValueHolder$1@2638d62a
      val$supplier = class org.jboss.weld.manager.BeanManagerImpl$$Lambda$203/0x00000008013ccc40@16d7ba9b
      value = null
    requestBeforeDestroyedEvent = class org.jboss.weld.util.LazyValueHolder$1@6a283e58
      val$supplier = class org.jboss.weld.manager.BeanManagerImpl$$Lambda$204/0x00000008013cc040@2f884ae3
      value = null
    requestDestroyedEvent = class org.jboss.weld.util.LazyValueHolder$1@6dc4419f
      val$supplier = class org.jboss.weld.manager.BeanManagerImpl$$Lambda$205/0x00000008013cc440@51496b20
      value = null
  this$0 = class org.jboss.weld.injection.producer.ResourceInjector@566fd1e3
    resourceInjectionsHierarchy = class java.util.Collections$EmptyList@24372690
      serialVersionUID = "/* Could not access serialVersionUID */"
      modCount = "/* Could not access modCount */"
    injectableFields = class org.jboss.weld.util.collections.ImmutableTinyList$Singleton@3a388c1c
      serialVersionUID = 1
      element = class java.util.Collections$EmptySet@104be5d5
      modCount = "/* Could not access modCount */"
    initializerMethods = class org.jboss.weld.util.collections.ImmutableTinyList$Singleton@7512a3c3
      serialVersionUID = 1
      element = class java.util.Collections$EmptySet@104be5d5
      modCount = "/* Could not access modCount */"
  beanManager = class org.jboss.weld.manager.BeanManagerImpl@6d8f78df
  injectionTarget = class org.jboss.weld.injection.producer.BeanInjectionTarget@6a57192e
    bean = class org.jboss.weld.bean.ManagedBean@6c9c20d9
    beanManager = class org.jboss.weld.manager.BeanManagerImpl@6d8f78df
    type = class org.jboss.weld.annotated.slim.backed.BackedAnnotatedType@72e02e35
    injectionPoints = class java.util.Collections$EmptySet@104be5d5
      serialVersionUID = "/* Could not access serialVersionUID */"
    instantiator = class org.jboss.weld.injection.producer.DefaultInstantiator@6ec7e799
      constructor = class org.jboss.weld.injection.ConstructorInjectionPoint@707e4021
    injector = class org.jboss.weld.injection.producer.ResourceInjector@566fd1e3
    invoker = class org.jboss.weld.injection.producer.DefaultLifecycleCallbackInvoker@15bf79
      accessiblePostConstructMethods = class java.util.Collections$EmptyList@24372690
      accessiblePreDestroyMethods = class java.util.Collections$EmptyList@24372690
  annotatedType = class org.jboss.weld.annotated.slim.backed.BackedAnnotatedType@72e02e35
    javaClass = class java.lang.Class@7cb40c2f
      ANNOTATION = "/* Could not access ANNOTATION */"
      ENUM = "/* Could not access ENUM */"
      SYNTHETIC = "/* Could not access SYNTHETIC */"
      cachedConstructor = "/* Could not access cachedConstructor */"
      name = "/* Could not access name */"
      module = "/* Could not access module */"
      packageName = "/* Could not access packageName */"
      componentType = "/* Could not access componentType */"
      allPermDomain = "/* Could not access allPermDomain */"
      reflectionData = "/* Could not access reflectionData */"
      classRedefinedCount = "/* Could not access classRedefinedCount */"
      genericInfo = "/* Could not access genericInfo */"
      EMPTY_CLASS_ARRAY = "/* Could not access EMPTY_CLASS_ARRAY */"
      serialVersionUID = "/* Could not access serialVersionUID */"
      serialPersistentFields = "/* Could not access serialPersistentFields */"
      JAVA_LANG_RECORD_CLASS = "/* Could not access JAVA_LANG_RECORD_CLASS */"
      reflectionFactory = "/* Could not access reflectionFactory */"
      enumConstants = "/* Could not access enumConstants */"
      enumConstantDirectory = "/* Could not access enumConstantDirectory */"
      annotationData = "/* Could not access annotationData */"
      annotationType = "/* Could not access annotationType */"
      classValueMap = "/* Could not access classValueMap */"
    constructors = class org.jboss.weld.annotated.slim.backed.BackedAnnotatedType$BackedAnnotatedConstructors@b8014bc
      this$0 = class org.jboss.weld.annotated.slim.backed.BackedAnnotatedType@72e02e35
      this$0 = class org.jboss.weld.annotated.slim.backed.BackedAnnotatedType@72e02e35
      value = null
    methods = class org.jboss.weld.annotated.slim.backed.BackedAnnotatedType$BackedAnnotatedMethods@61767fd
      this$0 = class org.jboss.weld.annotated.slim.backed.BackedAnnotatedType@72e02e35
      this$0 = class org.jboss.weld.annotated.slim.backed.BackedAnnotatedType@72e02e35
      value = null
    fields = class org.jboss.weld.annotated.slim.backed.BackedAnnotatedType$BackedAnnotatedFields@7f16337f
      this$0 = class org.jboss.weld.annotated.slim.backed.BackedAnnotatedType@72e02e35
      this$0 = class org.jboss.weld.annotated.slim.backed.BackedAnnotatedType@72e02e35
      value = null
    sharedObjectCache = class org.jboss.weld.resources.SharedObjectCache@6b0d061e
      sharedSets = class org.jboss.weld.util.cache.ReentrantMapBackedComputingCache@20727790
      sharedMaps = class org.jboss.weld.util.cache.ReentrantMapBackedComputingCache@3b652693
      typeClosureHolders = class org.jboss.weld.util.cache.ReentrantMapBackedComputingCache@35abaa7b
    reflectionCache = class org.jboss.weld.resources.HotspotReflectionCache@6023ca37
      annotationTypeLock = class java.lang.Class@1b68ddbd
      store = class org.jboss.weld.metadata.TypeStore@1e83cd37
      ANNOTATIONS_FUNCTION = class org.jboss.weld.resources.DefaultReflectionCache$$Lambda$179/0x00000008013b6c40@2d7ef780
      DECLARED_ANNOTATIONS_FUNCTION = class org.jboss.weld.resources.DefaultReflectionCache$$Lambda$180/0x00000008013b6040@3fbd1d02
      annotations = class org.jboss.weld.util.cache.ReentrantMapBackedComputingCache@572d80fc
      declaredAnnotations = class org.jboss.weld.util.cache.ReentrantMapBackedComputingCache@57c7055b
      backedAnnotatedTypeAnnotations = class org.jboss.weld.util.cache.ReentrantMapBackedComputingCache@ddf2ad4
      annotationClasses = class org.jboss.weld.util.cache.ReentrantMapBackedComputingCache@5add7360
    identifier = class org.jboss.weld.annotated.slim.AnnotatedTypeIdentifier@5db67141
      NULL_BDA_ID = "org.jboss.weld.annotated.slim.AnnotatedTypeIdentifier.null"
      SYNTHETIC_ANNOTATION_SUFFIX = "syntheticAnnotation"
      serialVersionUID = -264184070652700144
      contextId = "product"
      bdaId = "product#product.war"
      className = "io.microservice.thi.product.DAO.ProductDAO"
      suffix = null
      modified = false
      hashCode = -679000966
    typeClosure = class org.jboss.weld.annotated.enhanced.TypeClosureLazyValueHolder@13f53c43
      type = class java.lang.Class@7cb40c2f
      value = class org.jboss.weld.util.collections.ImmutableTinySet$Doubleton@3df03ebb
    baseType = class java.lang.Class@7cb40c2f
  target = class io.microservice.thi.product.DAO.ProductDAO@594cc12

